---------------------------
Failed to write app endpoint /page

Caused by:
- [project]/app/globals.css [app-client] (css)
- creating new process
- node process exited before we could connect to it with exit status: 0

Debug info:
- Execution of get_all_written_entrypoints_with_issues_operation failed
- Execution of EntrypointsOperation::new failed
- Execution of all_entrypoints_write_to_disk_operation failed
- Execution of output_assets_operation failed
- Execution of <AppEndpoint as Endpoint>::output failed
- Failed to write app endpoint /page
- Execution of AppEndpoint::output failed
- Execution of whole_app_module_graph_operation failed
- Execution of *Project::get_all_additional_entries failed
- Execution of ModuleGraph::from_single_graph_without_unused_references failed
- Execution of ModuleGraph::create failed
- Execution of SingleModuleGraph::new_with_entries failed
- [project]/app/globals.css [app-client] (css)
- Execution of primary_chunkable_referenced_modules failed
- Execution of <CssModule as Module>::references failed
- Execution of parse_css failed
- Execution of <PostCssTransformedAsset as Asset>::content failed
- Execution of PostCssTransformedAsset::process failed
- Execution of evaluate_webpack_loader failed
- creating new process
- node process exited before we could connect to it with exit status: 0
  Process output:
  
  Process error output:
